ARM GAS  /tmp/ccMh7x7o.s 			page 1


   1              		.cpu cortex-m7
   2              		.eabi_attribute 28, 1
   3              		.eabi_attribute 20, 1
   4              		.eabi_attribute 21, 1
   5              		.eabi_attribute 23, 3
   6              		.eabi_attribute 24, 1
   7              		.eabi_attribute 25, 1
   8              		.eabi_attribute 26, 1
   9              		.eabi_attribute 30, 1
  10              		.eabi_attribute 34, 1
  11              		.eabi_attribute 18, 4
  12              		.file	"stm32f7xx_hal_msp.c"
  13              		.text
  14              	.Ltext0:
  15              		.cfi_sections	.debug_frame
  16              		.section	.text.HAL_MspInit,"ax",%progbits
  17              		.align	1
  18              		.global	HAL_MspInit
  19              		.arch armv7e-m
  20              		.syntax unified
  21              		.thumb
  22              		.thumb_func
  23              		.fpu fpv5-d16
  25              	HAL_MspInit:
  26              	.LFB141:
  27              		.file 1 "Src/stm32f7xx_hal_msp.c"
   1:Src/stm32f7xx_hal_msp.c **** /* USER CODE BEGIN Header */
   2:Src/stm32f7xx_hal_msp.c **** /**
   3:Src/stm32f7xx_hal_msp.c ****   ******************************************************************************
   4:Src/stm32f7xx_hal_msp.c ****   * @file         stm32f7xx_hal_msp.c
   5:Src/stm32f7xx_hal_msp.c ****   * @brief        This file provides code for the MSP Initialization
   6:Src/stm32f7xx_hal_msp.c ****   *               and de-Initialization codes.
   7:Src/stm32f7xx_hal_msp.c ****   ******************************************************************************
   8:Src/stm32f7xx_hal_msp.c ****   * @attention
   9:Src/stm32f7xx_hal_msp.c ****   *
  10:Src/stm32f7xx_hal_msp.c ****   * Copyright (c) 2023 STMicroelectronics.
  11:Src/stm32f7xx_hal_msp.c ****   * All rights reserved.
  12:Src/stm32f7xx_hal_msp.c ****   *
  13:Src/stm32f7xx_hal_msp.c ****   * This software is licensed under terms that can be found in the LICENSE file
  14:Src/stm32f7xx_hal_msp.c ****   * in the root directory of this software component.
  15:Src/stm32f7xx_hal_msp.c ****   * If no LICENSE file comes with this software, it is provided AS-IS.
  16:Src/stm32f7xx_hal_msp.c ****   *
  17:Src/stm32f7xx_hal_msp.c ****   ******************************************************************************
  18:Src/stm32f7xx_hal_msp.c ****   */
  19:Src/stm32f7xx_hal_msp.c **** /* USER CODE END Header */
  20:Src/stm32f7xx_hal_msp.c **** 
  21:Src/stm32f7xx_hal_msp.c **** /* Includes ------------------------------------------------------------------*/
  22:Src/stm32f7xx_hal_msp.c **** #include "main.h"
  23:Src/stm32f7xx_hal_msp.c **** 
  24:Src/stm32f7xx_hal_msp.c **** /* USER CODE BEGIN Includes */
  25:Src/stm32f7xx_hal_msp.c **** 
  26:Src/stm32f7xx_hal_msp.c **** /* USER CODE END Includes */
  27:Src/stm32f7xx_hal_msp.c **** 
  28:Src/stm32f7xx_hal_msp.c **** /* Private typedef -----------------------------------------------------------*/
  29:Src/stm32f7xx_hal_msp.c **** /* USER CODE BEGIN TD */
  30:Src/stm32f7xx_hal_msp.c **** 
  31:Src/stm32f7xx_hal_msp.c **** /* USER CODE END TD */
ARM GAS  /tmp/ccMh7x7o.s 			page 2


  32:Src/stm32f7xx_hal_msp.c **** 
  33:Src/stm32f7xx_hal_msp.c **** /* Private define ------------------------------------------------------------*/
  34:Src/stm32f7xx_hal_msp.c **** /* USER CODE BEGIN Define */
  35:Src/stm32f7xx_hal_msp.c **** 
  36:Src/stm32f7xx_hal_msp.c **** /* USER CODE END Define */
  37:Src/stm32f7xx_hal_msp.c **** 
  38:Src/stm32f7xx_hal_msp.c **** /* Private macro -------------------------------------------------------------*/
  39:Src/stm32f7xx_hal_msp.c **** /* USER CODE BEGIN Macro */
  40:Src/stm32f7xx_hal_msp.c **** 
  41:Src/stm32f7xx_hal_msp.c **** /* USER CODE END Macro */
  42:Src/stm32f7xx_hal_msp.c **** 
  43:Src/stm32f7xx_hal_msp.c **** /* Private variables ---------------------------------------------------------*/
  44:Src/stm32f7xx_hal_msp.c **** /* USER CODE BEGIN PV */
  45:Src/stm32f7xx_hal_msp.c **** 
  46:Src/stm32f7xx_hal_msp.c **** /* USER CODE END PV */
  47:Src/stm32f7xx_hal_msp.c **** 
  48:Src/stm32f7xx_hal_msp.c **** /* Private function prototypes -----------------------------------------------*/
  49:Src/stm32f7xx_hal_msp.c **** /* USER CODE BEGIN PFP */
  50:Src/stm32f7xx_hal_msp.c **** 
  51:Src/stm32f7xx_hal_msp.c **** /* USER CODE END PFP */
  52:Src/stm32f7xx_hal_msp.c **** 
  53:Src/stm32f7xx_hal_msp.c **** /* External functions --------------------------------------------------------*/
  54:Src/stm32f7xx_hal_msp.c **** /* USER CODE BEGIN ExternalFunctions */
  55:Src/stm32f7xx_hal_msp.c **** 
  56:Src/stm32f7xx_hal_msp.c **** /* USER CODE END ExternalFunctions */
  57:Src/stm32f7xx_hal_msp.c **** 
  58:Src/stm32f7xx_hal_msp.c **** /* USER CODE BEGIN 0 */
  59:Src/stm32f7xx_hal_msp.c **** 
  60:Src/stm32f7xx_hal_msp.c **** /* USER CODE END 0 */
  61:Src/stm32f7xx_hal_msp.c **** /**
  62:Src/stm32f7xx_hal_msp.c ****   * Initializes the Global MSP.
  63:Src/stm32f7xx_hal_msp.c ****   */
  64:Src/stm32f7xx_hal_msp.c **** void HAL_MspInit(void)
  65:Src/stm32f7xx_hal_msp.c **** {
  28              		.loc 1 65 1 view -0
  29              		.cfi_startproc
  30              		@ args = 0, pretend = 0, frame = 8
  31              		@ frame_needed = 0, uses_anonymous_args = 0
  32              		@ link register save eliminated.
  33 0000 82B0     		sub	sp, sp, #8
  34              	.LCFI0:
  35              		.cfi_def_cfa_offset 8
  66:Src/stm32f7xx_hal_msp.c ****   /* USER CODE BEGIN MspInit 0 */
  67:Src/stm32f7xx_hal_msp.c **** 
  68:Src/stm32f7xx_hal_msp.c ****   /* USER CODE END MspInit 0 */
  69:Src/stm32f7xx_hal_msp.c **** 
  70:Src/stm32f7xx_hal_msp.c ****   __HAL_RCC_PWR_CLK_ENABLE();
  36              		.loc 1 70 3 view .LVU1
  37              	.LBB2:
  38              		.loc 1 70 3 view .LVU2
  39              		.loc 1 70 3 view .LVU3
  40 0002 0A4B     		ldr	r3, .L3
  41 0004 1A6C     		ldr	r2, [r3, #64]
  42 0006 42F08052 		orr	r2, r2, #268435456
  43 000a 1A64     		str	r2, [r3, #64]
  44              		.loc 1 70 3 view .LVU4
  45 000c 1A6C     		ldr	r2, [r3, #64]
ARM GAS  /tmp/ccMh7x7o.s 			page 3


  46 000e 02F08052 		and	r2, r2, #268435456
  47 0012 0092     		str	r2, [sp]
  48              		.loc 1 70 3 view .LVU5
  49 0014 009A     		ldr	r2, [sp]
  50              	.LBE2:
  51              		.loc 1 70 3 view .LVU6
  71:Src/stm32f7xx_hal_msp.c ****   __HAL_RCC_SYSCFG_CLK_ENABLE();
  52              		.loc 1 71 3 view .LVU7
  53              	.LBB3:
  54              		.loc 1 71 3 view .LVU8
  55              		.loc 1 71 3 view .LVU9
  56 0016 5A6C     		ldr	r2, [r3, #68]
  57 0018 42F48042 		orr	r2, r2, #16384
  58 001c 5A64     		str	r2, [r3, #68]
  59              		.loc 1 71 3 view .LVU10
  60 001e 5B6C     		ldr	r3, [r3, #68]
  61 0020 03F48043 		and	r3, r3, #16384
  62 0024 0193     		str	r3, [sp, #4]
  63              		.loc 1 71 3 view .LVU11
  64 0026 019B     		ldr	r3, [sp, #4]
  65              	.LBE3:
  66              		.loc 1 71 3 view .LVU12
  72:Src/stm32f7xx_hal_msp.c **** 
  73:Src/stm32f7xx_hal_msp.c ****   /* System interrupt init*/
  74:Src/stm32f7xx_hal_msp.c **** 
  75:Src/stm32f7xx_hal_msp.c ****   /* USER CODE BEGIN MspInit 1 */
  76:Src/stm32f7xx_hal_msp.c **** 
  77:Src/stm32f7xx_hal_msp.c ****   /* USER CODE END MspInit 1 */
  78:Src/stm32f7xx_hal_msp.c **** }
  67              		.loc 1 78 1 is_stmt 0 view .LVU13
  68 0028 02B0     		add	sp, sp, #8
  69              	.LCFI1:
  70              		.cfi_def_cfa_offset 0
  71              		@ sp needed
  72 002a 7047     		bx	lr
  73              	.L4:
  74              		.align	2
  75              	.L3:
  76 002c 00380240 		.word	1073887232
  77              		.cfi_endproc
  78              	.LFE141:
  80              		.section	.text.HAL_TIM_Base_MspInit,"ax",%progbits
  81              		.align	1
  82              		.global	HAL_TIM_Base_MspInit
  83              		.syntax unified
  84              		.thumb
  85              		.thumb_func
  86              		.fpu fpv5-d16
  88              	HAL_TIM_Base_MspInit:
  89              	.LVL0:
  90              	.LFB142:
  79:Src/stm32f7xx_hal_msp.c **** 
  80:Src/stm32f7xx_hal_msp.c **** /**
  81:Src/stm32f7xx_hal_msp.c **** * @brief TIM_Base MSP Initialization
  82:Src/stm32f7xx_hal_msp.c **** * This function configures the hardware resources used in this example
  83:Src/stm32f7xx_hal_msp.c **** * @param htim_base: TIM_Base handle pointer
  84:Src/stm32f7xx_hal_msp.c **** * @retval None
ARM GAS  /tmp/ccMh7x7o.s 			page 4


  85:Src/stm32f7xx_hal_msp.c **** */
  86:Src/stm32f7xx_hal_msp.c **** void HAL_TIM_Base_MspInit(TIM_HandleTypeDef* htim_base)
  87:Src/stm32f7xx_hal_msp.c **** {
  91              		.loc 1 87 1 is_stmt 1 view -0
  92              		.cfi_startproc
  93              		@ args = 0, pretend = 0, frame = 8
  94              		@ frame_needed = 0, uses_anonymous_args = 0
  88:Src/stm32f7xx_hal_msp.c ****   if(htim_base->Instance==TIM1)
  95              		.loc 1 88 3 view .LVU15
  96              		.loc 1 88 15 is_stmt 0 view .LVU16
  97 0000 0268     		ldr	r2, [r0]
  98              		.loc 1 88 5 view .LVU17
  99 0002 0E4B     		ldr	r3, .L12
 100 0004 9A42     		cmp	r2, r3
 101 0006 00D0     		beq	.L11
 102 0008 7047     		bx	lr
 103              	.L11:
  87:Src/stm32f7xx_hal_msp.c ****   if(htim_base->Instance==TIM1)
 104              		.loc 1 87 1 view .LVU18
 105 000a 00B5     		push	{lr}
 106              	.LCFI2:
 107              		.cfi_def_cfa_offset 4
 108              		.cfi_offset 14, -4
 109 000c 83B0     		sub	sp, sp, #12
 110              	.LCFI3:
 111              		.cfi_def_cfa_offset 16
  89:Src/stm32f7xx_hal_msp.c ****   {
  90:Src/stm32f7xx_hal_msp.c ****   /* USER CODE BEGIN TIM1_MspInit 0 */
  91:Src/stm32f7xx_hal_msp.c **** 
  92:Src/stm32f7xx_hal_msp.c ****   /* USER CODE END TIM1_MspInit 0 */
  93:Src/stm32f7xx_hal_msp.c ****     /* Peripheral clock enable */
  94:Src/stm32f7xx_hal_msp.c ****     __HAL_RCC_TIM1_CLK_ENABLE();
 112              		.loc 1 94 5 is_stmt 1 view .LVU19
 113              	.LBB4:
 114              		.loc 1 94 5 view .LVU20
 115              		.loc 1 94 5 view .LVU21
 116 000e 03F59C33 		add	r3, r3, #79872
 117 0012 5A6C     		ldr	r2, [r3, #68]
 118 0014 42F00102 		orr	r2, r2, #1
 119 0018 5A64     		str	r2, [r3, #68]
 120              		.loc 1 94 5 view .LVU22
 121 001a 5B6C     		ldr	r3, [r3, #68]
 122 001c 03F00103 		and	r3, r3, #1
 123 0020 0193     		str	r3, [sp, #4]
 124              		.loc 1 94 5 view .LVU23
 125 0022 019B     		ldr	r3, [sp, #4]
 126              	.LBE4:
 127              		.loc 1 94 5 view .LVU24
  95:Src/stm32f7xx_hal_msp.c ****     /* TIM1 interrupt Init */
  96:Src/stm32f7xx_hal_msp.c ****     HAL_NVIC_SetPriority(TIM1_BRK_TIM9_IRQn, 0, 0);
 128              		.loc 1 96 5 view .LVU25
 129 0024 0022     		movs	r2, #0
 130 0026 1146     		mov	r1, r2
 131 0028 1820     		movs	r0, #24
 132              	.LVL1:
 133              		.loc 1 96 5 is_stmt 0 view .LVU26
 134 002a FFF7FEFF 		bl	HAL_NVIC_SetPriority
ARM GAS  /tmp/ccMh7x7o.s 			page 5


 135              	.LVL2:
  97:Src/stm32f7xx_hal_msp.c ****     HAL_NVIC_EnableIRQ(TIM1_BRK_TIM9_IRQn);
 136              		.loc 1 97 5 is_stmt 1 view .LVU27
 137 002e 1820     		movs	r0, #24
 138 0030 FFF7FEFF 		bl	HAL_NVIC_EnableIRQ
 139              	.LVL3:
  98:Src/stm32f7xx_hal_msp.c ****   /* USER CODE BEGIN TIM1_MspInit 1 */
  99:Src/stm32f7xx_hal_msp.c **** 
 100:Src/stm32f7xx_hal_msp.c ****   /* USER CODE END TIM1_MspInit 1 */
 101:Src/stm32f7xx_hal_msp.c ****   }
 102:Src/stm32f7xx_hal_msp.c **** 
 103:Src/stm32f7xx_hal_msp.c **** }
 140              		.loc 1 103 1 is_stmt 0 view .LVU28
 141 0034 03B0     		add	sp, sp, #12
 142              	.LCFI4:
 143              		.cfi_def_cfa_offset 4
 144              		@ sp needed
 145 0036 5DF804FB 		ldr	pc, [sp], #4
 146              	.L13:
 147 003a 00BF     		.align	2
 148              	.L12:
 149 003c 00000140 		.word	1073807360
 150              		.cfi_endproc
 151              	.LFE142:
 153              		.section	.text.HAL_TIM_Base_MspDeInit,"ax",%progbits
 154              		.align	1
 155              		.global	HAL_TIM_Base_MspDeInit
 156              		.syntax unified
 157              		.thumb
 158              		.thumb_func
 159              		.fpu fpv5-d16
 161              	HAL_TIM_Base_MspDeInit:
 162              	.LVL4:
 163              	.LFB143:
 104:Src/stm32f7xx_hal_msp.c **** 
 105:Src/stm32f7xx_hal_msp.c **** /**
 106:Src/stm32f7xx_hal_msp.c **** * @brief TIM_Base MSP De-Initialization
 107:Src/stm32f7xx_hal_msp.c **** * This function freeze the hardware resources used in this example
 108:Src/stm32f7xx_hal_msp.c **** * @param htim_base: TIM_Base handle pointer
 109:Src/stm32f7xx_hal_msp.c **** * @retval None
 110:Src/stm32f7xx_hal_msp.c **** */
 111:Src/stm32f7xx_hal_msp.c **** void HAL_TIM_Base_MspDeInit(TIM_HandleTypeDef* htim_base)
 112:Src/stm32f7xx_hal_msp.c **** {
 164              		.loc 1 112 1 is_stmt 1 view -0
 165              		.cfi_startproc
 166              		@ args = 0, pretend = 0, frame = 0
 167              		@ frame_needed = 0, uses_anonymous_args = 0
 168              		.loc 1 112 1 is_stmt 0 view .LVU30
 169 0000 08B5     		push	{r3, lr}
 170              	.LCFI5:
 171              		.cfi_def_cfa_offset 8
 172              		.cfi_offset 3, -8
 173              		.cfi_offset 14, -4
 113:Src/stm32f7xx_hal_msp.c ****   if(htim_base->Instance==TIM1)
 174              		.loc 1 113 3 is_stmt 1 view .LVU31
 175              		.loc 1 113 15 is_stmt 0 view .LVU32
 176 0002 0268     		ldr	r2, [r0]
ARM GAS  /tmp/ccMh7x7o.s 			page 6


 177              		.loc 1 113 5 view .LVU33
 178 0004 064B     		ldr	r3, .L18
 179 0006 9A42     		cmp	r2, r3
 180 0008 00D0     		beq	.L17
 181              	.LVL5:
 182              	.L14:
 114:Src/stm32f7xx_hal_msp.c ****   {
 115:Src/stm32f7xx_hal_msp.c ****   /* USER CODE BEGIN TIM1_MspDeInit 0 */
 116:Src/stm32f7xx_hal_msp.c **** 
 117:Src/stm32f7xx_hal_msp.c ****   /* USER CODE END TIM1_MspDeInit 0 */
 118:Src/stm32f7xx_hal_msp.c ****     /* Peripheral clock disable */
 119:Src/stm32f7xx_hal_msp.c ****     __HAL_RCC_TIM1_CLK_DISABLE();
 120:Src/stm32f7xx_hal_msp.c **** 
 121:Src/stm32f7xx_hal_msp.c ****     /* TIM1 interrupt DeInit */
 122:Src/stm32f7xx_hal_msp.c ****     HAL_NVIC_DisableIRQ(TIM1_BRK_TIM9_IRQn);
 123:Src/stm32f7xx_hal_msp.c ****   /* USER CODE BEGIN TIM1_MspDeInit 1 */
 124:Src/stm32f7xx_hal_msp.c **** 
 125:Src/stm32f7xx_hal_msp.c ****   /* USER CODE END TIM1_MspDeInit 1 */
 126:Src/stm32f7xx_hal_msp.c ****   }
 127:Src/stm32f7xx_hal_msp.c **** 
 128:Src/stm32f7xx_hal_msp.c **** }
 183              		.loc 1 128 1 view .LVU34
 184 000a 08BD     		pop	{r3, pc}
 185              	.LVL6:
 186              	.L17:
 119:Src/stm32f7xx_hal_msp.c **** 
 187              		.loc 1 119 5 is_stmt 1 view .LVU35
 188 000c 054A     		ldr	r2, .L18+4
 189 000e 536C     		ldr	r3, [r2, #68]
 190 0010 23F00103 		bic	r3, r3, #1
 191 0014 5364     		str	r3, [r2, #68]
 122:Src/stm32f7xx_hal_msp.c ****   /* USER CODE BEGIN TIM1_MspDeInit 1 */
 192              		.loc 1 122 5 view .LVU36
 193 0016 1820     		movs	r0, #24
 194              	.LVL7:
 122:Src/stm32f7xx_hal_msp.c ****   /* USER CODE BEGIN TIM1_MspDeInit 1 */
 195              		.loc 1 122 5 is_stmt 0 view .LVU37
 196 0018 FFF7FEFF 		bl	HAL_NVIC_DisableIRQ
 197              	.LVL8:
 198              		.loc 1 128 1 view .LVU38
 199 001c F5E7     		b	.L14
 200              	.L19:
 201 001e 00BF     		.align	2
 202              	.L18:
 203 0020 00000140 		.word	1073807360
 204 0024 00380240 		.word	1073887232
 205              		.cfi_endproc
 206              	.LFE143:
 208              		.section	.text.HAL_UART_MspInit,"ax",%progbits
 209              		.align	1
 210              		.global	HAL_UART_MspInit
 211              		.syntax unified
 212              		.thumb
 213              		.thumb_func
 214              		.fpu fpv5-d16
 216              	HAL_UART_MspInit:
 217              	.LVL9:
ARM GAS  /tmp/ccMh7x7o.s 			page 7


 218              	.LFB144:
 129:Src/stm32f7xx_hal_msp.c **** 
 130:Src/stm32f7xx_hal_msp.c **** /**
 131:Src/stm32f7xx_hal_msp.c **** * @brief UART MSP Initialization
 132:Src/stm32f7xx_hal_msp.c **** * This function configures the hardware resources used in this example
 133:Src/stm32f7xx_hal_msp.c **** * @param huart: UART handle pointer
 134:Src/stm32f7xx_hal_msp.c **** * @retval None
 135:Src/stm32f7xx_hal_msp.c **** */
 136:Src/stm32f7xx_hal_msp.c **** void HAL_UART_MspInit(UART_HandleTypeDef* huart)
 137:Src/stm32f7xx_hal_msp.c **** {
 219              		.loc 1 137 1 is_stmt 1 view -0
 220              		.cfi_startproc
 221              		@ args = 0, pretend = 0, frame = 176
 222              		@ frame_needed = 0, uses_anonymous_args = 0
 223              		.loc 1 137 1 is_stmt 0 view .LVU40
 224 0000 10B5     		push	{r4, lr}
 225              	.LCFI6:
 226              		.cfi_def_cfa_offset 8
 227              		.cfi_offset 4, -8
 228              		.cfi_offset 14, -4
 229 0002 ACB0     		sub	sp, sp, #176
 230              	.LCFI7:
 231              		.cfi_def_cfa_offset 184
 232 0004 0446     		mov	r4, r0
 138:Src/stm32f7xx_hal_msp.c ****   GPIO_InitTypeDef GPIO_InitStruct = {0};
 233              		.loc 1 138 3 is_stmt 1 view .LVU41
 234              		.loc 1 138 20 is_stmt 0 view .LVU42
 235 0006 0021     		movs	r1, #0
 236 0008 2791     		str	r1, [sp, #156]
 237 000a 2891     		str	r1, [sp, #160]
 238 000c 2991     		str	r1, [sp, #164]
 239 000e 2A91     		str	r1, [sp, #168]
 240 0010 2B91     		str	r1, [sp, #172]
 139:Src/stm32f7xx_hal_msp.c ****   RCC_PeriphCLKInitTypeDef PeriphClkInitStruct = {0};
 241              		.loc 1 139 3 is_stmt 1 view .LVU43
 242              		.loc 1 139 28 is_stmt 0 view .LVU44
 243 0012 9022     		movs	r2, #144
 244 0014 03A8     		add	r0, sp, #12
 245              	.LVL10:
 246              		.loc 1 139 28 view .LVU45
 247 0016 FFF7FEFF 		bl	memset
 248              	.LVL11:
 140:Src/stm32f7xx_hal_msp.c ****   if(huart->Instance==USART3)
 249              		.loc 1 140 3 is_stmt 1 view .LVU46
 250              		.loc 1 140 11 is_stmt 0 view .LVU47
 251 001a 2268     		ldr	r2, [r4]
 252              		.loc 1 140 5 view .LVU48
 253 001c 1C4B     		ldr	r3, .L26
 254 001e 9A42     		cmp	r2, r3
 255 0020 01D0     		beq	.L24
 256              	.LVL12:
 257              	.L20:
 141:Src/stm32f7xx_hal_msp.c ****   {
 142:Src/stm32f7xx_hal_msp.c ****   /* USER CODE BEGIN USART3_MspInit 0 */
 143:Src/stm32f7xx_hal_msp.c **** 
 144:Src/stm32f7xx_hal_msp.c ****   /* USER CODE END USART3_MspInit 0 */
 145:Src/stm32f7xx_hal_msp.c **** 
ARM GAS  /tmp/ccMh7x7o.s 			page 8


 146:Src/stm32f7xx_hal_msp.c ****   /** Initializes the peripherals clock
 147:Src/stm32f7xx_hal_msp.c ****   */
 148:Src/stm32f7xx_hal_msp.c ****     PeriphClkInitStruct.PeriphClockSelection = RCC_PERIPHCLK_USART3;
 149:Src/stm32f7xx_hal_msp.c ****     PeriphClkInitStruct.Usart3ClockSelection = RCC_USART3CLKSOURCE_PCLK1;
 150:Src/stm32f7xx_hal_msp.c ****     if (HAL_RCCEx_PeriphCLKConfig(&PeriphClkInitStruct) != HAL_OK)
 151:Src/stm32f7xx_hal_msp.c ****     {
 152:Src/stm32f7xx_hal_msp.c ****       Error_Handler();
 153:Src/stm32f7xx_hal_msp.c ****     }
 154:Src/stm32f7xx_hal_msp.c **** 
 155:Src/stm32f7xx_hal_msp.c ****     /* Peripheral clock enable */
 156:Src/stm32f7xx_hal_msp.c ****     __HAL_RCC_USART3_CLK_ENABLE();
 157:Src/stm32f7xx_hal_msp.c **** 
 158:Src/stm32f7xx_hal_msp.c ****     __HAL_RCC_GPIOD_CLK_ENABLE();
 159:Src/stm32f7xx_hal_msp.c ****     /**USART3 GPIO Configuration
 160:Src/stm32f7xx_hal_msp.c ****     PD8     ------> USART3_TX
 161:Src/stm32f7xx_hal_msp.c ****     PD9     ------> USART3_RX
 162:Src/stm32f7xx_hal_msp.c ****     */
 163:Src/stm32f7xx_hal_msp.c ****     GPIO_InitStruct.Pin = GPIO_PIN_8|GPIO_PIN_9;
 164:Src/stm32f7xx_hal_msp.c ****     GPIO_InitStruct.Mode = GPIO_MODE_AF_PP;
 165:Src/stm32f7xx_hal_msp.c ****     GPIO_InitStruct.Pull = GPIO_NOPULL;
 166:Src/stm32f7xx_hal_msp.c ****     GPIO_InitStruct.Speed = GPIO_SPEED_FREQ_VERY_HIGH;
 167:Src/stm32f7xx_hal_msp.c ****     GPIO_InitStruct.Alternate = GPIO_AF7_USART3;
 168:Src/stm32f7xx_hal_msp.c ****     HAL_GPIO_Init(GPIOD, &GPIO_InitStruct);
 169:Src/stm32f7xx_hal_msp.c **** 
 170:Src/stm32f7xx_hal_msp.c ****     /* USART3 interrupt Init */
 171:Src/stm32f7xx_hal_msp.c ****     HAL_NVIC_SetPriority(USART3_IRQn, 0, 0);
 172:Src/stm32f7xx_hal_msp.c ****     HAL_NVIC_EnableIRQ(USART3_IRQn);
 173:Src/stm32f7xx_hal_msp.c ****   /* USER CODE BEGIN USART3_MspInit 1 */
 174:Src/stm32f7xx_hal_msp.c **** 
 175:Src/stm32f7xx_hal_msp.c ****   /* USER CODE END USART3_MspInit 1 */
 176:Src/stm32f7xx_hal_msp.c ****   }
 177:Src/stm32f7xx_hal_msp.c **** 
 178:Src/stm32f7xx_hal_msp.c **** }
 258              		.loc 1 178 1 view .LVU49
 259 0022 2CB0     		add	sp, sp, #176
 260              	.LCFI8:
 261              		.cfi_remember_state
 262              		.cfi_def_cfa_offset 8
 263              		@ sp needed
 264 0024 10BD     		pop	{r4, pc}
 265              	.LVL13:
 266              	.L24:
 267              	.LCFI9:
 268              		.cfi_restore_state
 148:Src/stm32f7xx_hal_msp.c ****     PeriphClkInitStruct.Usart3ClockSelection = RCC_USART3CLKSOURCE_PCLK1;
 269              		.loc 1 148 5 is_stmt 1 view .LVU50
 148:Src/stm32f7xx_hal_msp.c ****     PeriphClkInitStruct.Usart3ClockSelection = RCC_USART3CLKSOURCE_PCLK1;
 270              		.loc 1 148 46 is_stmt 0 view .LVU51
 271 0026 4FF48073 		mov	r3, #256
 272 002a 0393     		str	r3, [sp, #12]
 149:Src/stm32f7xx_hal_msp.c ****     if (HAL_RCCEx_PeriphCLKConfig(&PeriphClkInitStruct) != HAL_OK)
 273              		.loc 1 149 5 is_stmt 1 view .LVU52
 150:Src/stm32f7xx_hal_msp.c ****     {
 274              		.loc 1 150 5 view .LVU53
 150:Src/stm32f7xx_hal_msp.c ****     {
 275              		.loc 1 150 9 is_stmt 0 view .LVU54
 276 002c 03A8     		add	r0, sp, #12
ARM GAS  /tmp/ccMh7x7o.s 			page 9


 277 002e FFF7FEFF 		bl	HAL_RCCEx_PeriphCLKConfig
 278              	.LVL14:
 150:Src/stm32f7xx_hal_msp.c ****     {
 279              		.loc 1 150 8 view .LVU55
 280 0032 50BB     		cbnz	r0, .L25
 281              	.L22:
 156:Src/stm32f7xx_hal_msp.c **** 
 282              		.loc 1 156 5 is_stmt 1 view .LVU56
 283              	.LBB5:
 156:Src/stm32f7xx_hal_msp.c **** 
 284              		.loc 1 156 5 view .LVU57
 156:Src/stm32f7xx_hal_msp.c **** 
 285              		.loc 1 156 5 view .LVU58
 286 0034 174B     		ldr	r3, .L26+4
 287 0036 1A6C     		ldr	r2, [r3, #64]
 288 0038 42F48022 		orr	r2, r2, #262144
 289 003c 1A64     		str	r2, [r3, #64]
 156:Src/stm32f7xx_hal_msp.c **** 
 290              		.loc 1 156 5 view .LVU59
 291 003e 1A6C     		ldr	r2, [r3, #64]
 292 0040 02F48022 		and	r2, r2, #262144
 293 0044 0192     		str	r2, [sp, #4]
 156:Src/stm32f7xx_hal_msp.c **** 
 294              		.loc 1 156 5 view .LVU60
 295 0046 019A     		ldr	r2, [sp, #4]
 296              	.LBE5:
 156:Src/stm32f7xx_hal_msp.c **** 
 297              		.loc 1 156 5 view .LVU61
 158:Src/stm32f7xx_hal_msp.c ****     /**USART3 GPIO Configuration
 298              		.loc 1 158 5 view .LVU62
 299              	.LBB6:
 158:Src/stm32f7xx_hal_msp.c ****     /**USART3 GPIO Configuration
 300              		.loc 1 158 5 view .LVU63
 158:Src/stm32f7xx_hal_msp.c ****     /**USART3 GPIO Configuration
 301              		.loc 1 158 5 view .LVU64
 302 0048 1A6B     		ldr	r2, [r3, #48]
 303 004a 42F00802 		orr	r2, r2, #8
 304 004e 1A63     		str	r2, [r3, #48]
 158:Src/stm32f7xx_hal_msp.c ****     /**USART3 GPIO Configuration
 305              		.loc 1 158 5 view .LVU65
 306 0050 1B6B     		ldr	r3, [r3, #48]
 307 0052 03F00803 		and	r3, r3, #8
 308 0056 0293     		str	r3, [sp, #8]
 158:Src/stm32f7xx_hal_msp.c ****     /**USART3 GPIO Configuration
 309              		.loc 1 158 5 view .LVU66
 310 0058 029B     		ldr	r3, [sp, #8]
 311              	.LBE6:
 158:Src/stm32f7xx_hal_msp.c ****     /**USART3 GPIO Configuration
 312              		.loc 1 158 5 view .LVU67
 163:Src/stm32f7xx_hal_msp.c ****     GPIO_InitStruct.Mode = GPIO_MODE_AF_PP;
 313              		.loc 1 163 5 view .LVU68
 163:Src/stm32f7xx_hal_msp.c ****     GPIO_InitStruct.Mode = GPIO_MODE_AF_PP;
 314              		.loc 1 163 25 is_stmt 0 view .LVU69
 315 005a 4FF44073 		mov	r3, #768
 316 005e 2793     		str	r3, [sp, #156]
 164:Src/stm32f7xx_hal_msp.c ****     GPIO_InitStruct.Pull = GPIO_NOPULL;
 317              		.loc 1 164 5 is_stmt 1 view .LVU70
ARM GAS  /tmp/ccMh7x7o.s 			page 10


 164:Src/stm32f7xx_hal_msp.c ****     GPIO_InitStruct.Pull = GPIO_NOPULL;
 318              		.loc 1 164 26 is_stmt 0 view .LVU71
 319 0060 0223     		movs	r3, #2
 320 0062 2893     		str	r3, [sp, #160]
 165:Src/stm32f7xx_hal_msp.c ****     GPIO_InitStruct.Speed = GPIO_SPEED_FREQ_VERY_HIGH;
 321              		.loc 1 165 5 is_stmt 1 view .LVU72
 165:Src/stm32f7xx_hal_msp.c ****     GPIO_InitStruct.Speed = GPIO_SPEED_FREQ_VERY_HIGH;
 322              		.loc 1 165 26 is_stmt 0 view .LVU73
 323 0064 0024     		movs	r4, #0
 324              	.LVL15:
 165:Src/stm32f7xx_hal_msp.c ****     GPIO_InitStruct.Speed = GPIO_SPEED_FREQ_VERY_HIGH;
 325              		.loc 1 165 26 view .LVU74
 326 0066 2994     		str	r4, [sp, #164]
 166:Src/stm32f7xx_hal_msp.c ****     GPIO_InitStruct.Alternate = GPIO_AF7_USART3;
 327              		.loc 1 166 5 is_stmt 1 view .LVU75
 166:Src/stm32f7xx_hal_msp.c ****     GPIO_InitStruct.Alternate = GPIO_AF7_USART3;
 328              		.loc 1 166 27 is_stmt 0 view .LVU76
 329 0068 0323     		movs	r3, #3
 330 006a 2A93     		str	r3, [sp, #168]
 167:Src/stm32f7xx_hal_msp.c ****     HAL_GPIO_Init(GPIOD, &GPIO_InitStruct);
 331              		.loc 1 167 5 is_stmt 1 view .LVU77
 167:Src/stm32f7xx_hal_msp.c ****     HAL_GPIO_Init(GPIOD, &GPIO_InitStruct);
 332              		.loc 1 167 31 is_stmt 0 view .LVU78
 333 006c 0723     		movs	r3, #7
 334 006e 2B93     		str	r3, [sp, #172]
 168:Src/stm32f7xx_hal_msp.c **** 
 335              		.loc 1 168 5 is_stmt 1 view .LVU79
 336 0070 27A9     		add	r1, sp, #156
 337 0072 0948     		ldr	r0, .L26+8
 338 0074 FFF7FEFF 		bl	HAL_GPIO_Init
 339              	.LVL16:
 171:Src/stm32f7xx_hal_msp.c ****     HAL_NVIC_EnableIRQ(USART3_IRQn);
 340              		.loc 1 171 5 view .LVU80
 341 0078 2246     		mov	r2, r4
 342 007a 2146     		mov	r1, r4
 343 007c 2720     		movs	r0, #39
 344 007e FFF7FEFF 		bl	HAL_NVIC_SetPriority
 345              	.LVL17:
 172:Src/stm32f7xx_hal_msp.c ****   /* USER CODE BEGIN USART3_MspInit 1 */
 346              		.loc 1 172 5 view .LVU81
 347 0082 2720     		movs	r0, #39
 348 0084 FFF7FEFF 		bl	HAL_NVIC_EnableIRQ
 349              	.LVL18:
 350              		.loc 1 178 1 is_stmt 0 view .LVU82
 351 0088 CBE7     		b	.L20
 352              	.LVL19:
 353              	.L25:
 152:Src/stm32f7xx_hal_msp.c ****     }
 354              		.loc 1 152 7 is_stmt 1 view .LVU83
 355 008a FFF7FEFF 		bl	Error_Handler
 356              	.LVL20:
 357 008e D1E7     		b	.L22
 358              	.L27:
 359              		.align	2
 360              	.L26:
 361 0090 00480040 		.word	1073760256
 362 0094 00380240 		.word	1073887232
ARM GAS  /tmp/ccMh7x7o.s 			page 11


 363 0098 000C0240 		.word	1073875968
 364              		.cfi_endproc
 365              	.LFE144:
 367              		.section	.text.HAL_UART_MspDeInit,"ax",%progbits
 368              		.align	1
 369              		.global	HAL_UART_MspDeInit
 370              		.syntax unified
 371              		.thumb
 372              		.thumb_func
 373              		.fpu fpv5-d16
 375              	HAL_UART_MspDeInit:
 376              	.LVL21:
 377              	.LFB145:
 179:Src/stm32f7xx_hal_msp.c **** 
 180:Src/stm32f7xx_hal_msp.c **** /**
 181:Src/stm32f7xx_hal_msp.c **** * @brief UART MSP De-Initialization
 182:Src/stm32f7xx_hal_msp.c **** * This function freeze the hardware resources used in this example
 183:Src/stm32f7xx_hal_msp.c **** * @param huart: UART handle pointer
 184:Src/stm32f7xx_hal_msp.c **** * @retval None
 185:Src/stm32f7xx_hal_msp.c **** */
 186:Src/stm32f7xx_hal_msp.c **** void HAL_UART_MspDeInit(UART_HandleTypeDef* huart)
 187:Src/stm32f7xx_hal_msp.c **** {
 378              		.loc 1 187 1 view -0
 379              		.cfi_startproc
 380              		@ args = 0, pretend = 0, frame = 0
 381              		@ frame_needed = 0, uses_anonymous_args = 0
 382              		.loc 1 187 1 is_stmt 0 view .LVU85
 383 0000 08B5     		push	{r3, lr}
 384              	.LCFI10:
 385              		.cfi_def_cfa_offset 8
 386              		.cfi_offset 3, -8
 387              		.cfi_offset 14, -4
 188:Src/stm32f7xx_hal_msp.c ****   if(huart->Instance==USART3)
 388              		.loc 1 188 3 is_stmt 1 view .LVU86
 389              		.loc 1 188 11 is_stmt 0 view .LVU87
 390 0002 0268     		ldr	r2, [r0]
 391              		.loc 1 188 5 view .LVU88
 392 0004 084B     		ldr	r3, .L32
 393 0006 9A42     		cmp	r2, r3
 394 0008 00D0     		beq	.L31
 395              	.LVL22:
 396              	.L28:
 189:Src/stm32f7xx_hal_msp.c ****   {
 190:Src/stm32f7xx_hal_msp.c ****   /* USER CODE BEGIN USART3_MspDeInit 0 */
 191:Src/stm32f7xx_hal_msp.c **** 
 192:Src/stm32f7xx_hal_msp.c ****   /* USER CODE END USART3_MspDeInit 0 */
 193:Src/stm32f7xx_hal_msp.c ****     /* Peripheral clock disable */
 194:Src/stm32f7xx_hal_msp.c ****     __HAL_RCC_USART3_CLK_DISABLE();
 195:Src/stm32f7xx_hal_msp.c **** 
 196:Src/stm32f7xx_hal_msp.c ****     /**USART3 GPIO Configuration
 197:Src/stm32f7xx_hal_msp.c ****     PD8     ------> USART3_TX
 198:Src/stm32f7xx_hal_msp.c ****     PD9     ------> USART3_RX
 199:Src/stm32f7xx_hal_msp.c ****     */
 200:Src/stm32f7xx_hal_msp.c ****     HAL_GPIO_DeInit(GPIOD, GPIO_PIN_8|GPIO_PIN_9);
 201:Src/stm32f7xx_hal_msp.c **** 
 202:Src/stm32f7xx_hal_msp.c ****     /* USART3 interrupt DeInit */
 203:Src/stm32f7xx_hal_msp.c ****     HAL_NVIC_DisableIRQ(USART3_IRQn);
ARM GAS  /tmp/ccMh7x7o.s 			page 12


 204:Src/stm32f7xx_hal_msp.c ****   /* USER CODE BEGIN USART3_MspDeInit 1 */
 205:Src/stm32f7xx_hal_msp.c **** 
 206:Src/stm32f7xx_hal_msp.c ****   /* USER CODE END USART3_MspDeInit 1 */
 207:Src/stm32f7xx_hal_msp.c ****   }
 208:Src/stm32f7xx_hal_msp.c **** 
 209:Src/stm32f7xx_hal_msp.c **** }
 397              		.loc 1 209 1 view .LVU89
 398 000a 08BD     		pop	{r3, pc}
 399              	.LVL23:
 400              	.L31:
 194:Src/stm32f7xx_hal_msp.c **** 
 401              		.loc 1 194 5 is_stmt 1 view .LVU90
 402 000c 074A     		ldr	r2, .L32+4
 403 000e 136C     		ldr	r3, [r2, #64]
 404 0010 23F48023 		bic	r3, r3, #262144
 405 0014 1364     		str	r3, [r2, #64]
 200:Src/stm32f7xx_hal_msp.c **** 
 406              		.loc 1 200 5 view .LVU91
 407 0016 4FF44071 		mov	r1, #768
 408 001a 0548     		ldr	r0, .L32+8
 409              	.LVL24:
 200:Src/stm32f7xx_hal_msp.c **** 
 410              		.loc 1 200 5 is_stmt 0 view .LVU92
 411 001c FFF7FEFF 		bl	HAL_GPIO_DeInit
 412              	.LVL25:
 203:Src/stm32f7xx_hal_msp.c ****   /* USER CODE BEGIN USART3_MspDeInit 1 */
 413              		.loc 1 203 5 is_stmt 1 view .LVU93
 414 0020 2720     		movs	r0, #39
 415 0022 FFF7FEFF 		bl	HAL_NVIC_DisableIRQ
 416              	.LVL26:
 417              		.loc 1 209 1 is_stmt 0 view .LVU94
 418 0026 F0E7     		b	.L28
 419              	.L33:
 420              		.align	2
 421              	.L32:
 422 0028 00480040 		.word	1073760256
 423 002c 00380240 		.word	1073887232
 424 0030 000C0240 		.word	1073875968
 425              		.cfi_endproc
 426              	.LFE145:
 428              		.text
 429              	.Letext0:
 430              		.file 2 "/opt/gcc-arm-none-eabi-10-2020-q4-major/arm-none-eabi/include/machine/_default_types.h"
 431              		.file 3 "/opt/gcc-arm-none-eabi-10-2020-q4-major/arm-none-eabi/include/sys/_stdint.h"
 432              		.file 4 "Drivers/CMSIS/Device/ST/STM32F7xx/Include/stm32f767xx.h"
 433              		.file 5 "Drivers/STM32F7xx_HAL_Driver/Inc/stm32f7xx_hal_def.h"
 434              		.file 6 "Drivers/STM32F7xx_HAL_Driver/Inc/stm32f7xx_hal_rcc_ex.h"
 435              		.file 7 "Drivers/STM32F7xx_HAL_Driver/Inc/stm32f7xx_hal_gpio.h"
 436              		.file 8 "Drivers/STM32F7xx_HAL_Driver/Inc/stm32f7xx_hal_dma.h"
 437              		.file 9 "Drivers/STM32F7xx_HAL_Driver/Inc/stm32f7xx_hal_tim.h"
 438              		.file 10 "Drivers/STM32F7xx_HAL_Driver/Inc/stm32f7xx_hal_uart.h"
 439              		.file 11 "Drivers/STM32F7xx_HAL_Driver/Inc/stm32f7xx_hal_cortex.h"
 440              		.file 12 "Inc/main.h"
 441              		.file 13 "<built-in>"
ARM GAS  /tmp/ccMh7x7o.s 			page 13


DEFINED SYMBOLS
                            *ABS*:0000000000000000 stm32f7xx_hal_msp.c
     /tmp/ccMh7x7o.s:17     .text.HAL_MspInit:0000000000000000 $t
     /tmp/ccMh7x7o.s:25     .text.HAL_MspInit:0000000000000000 HAL_MspInit
     /tmp/ccMh7x7o.s:76     .text.HAL_MspInit:000000000000002c $d
     /tmp/ccMh7x7o.s:81     .text.HAL_TIM_Base_MspInit:0000000000000000 $t
     /tmp/ccMh7x7o.s:88     .text.HAL_TIM_Base_MspInit:0000000000000000 HAL_TIM_Base_MspInit
     /tmp/ccMh7x7o.s:149    .text.HAL_TIM_Base_MspInit:000000000000003c $d
     /tmp/ccMh7x7o.s:154    .text.HAL_TIM_Base_MspDeInit:0000000000000000 $t
     /tmp/ccMh7x7o.s:161    .text.HAL_TIM_Base_MspDeInit:0000000000000000 HAL_TIM_Base_MspDeInit
     /tmp/ccMh7x7o.s:203    .text.HAL_TIM_Base_MspDeInit:0000000000000020 $d
     /tmp/ccMh7x7o.s:209    .text.HAL_UART_MspInit:0000000000000000 $t
     /tmp/ccMh7x7o.s:216    .text.HAL_UART_MspInit:0000000000000000 HAL_UART_MspInit
     /tmp/ccMh7x7o.s:361    .text.HAL_UART_MspInit:0000000000000090 $d
     /tmp/ccMh7x7o.s:368    .text.HAL_UART_MspDeInit:0000000000000000 $t
     /tmp/ccMh7x7o.s:375    .text.HAL_UART_MspDeInit:0000000000000000 HAL_UART_MspDeInit
     /tmp/ccMh7x7o.s:422    .text.HAL_UART_MspDeInit:0000000000000028 $d

UNDEFINED SYMBOLS
HAL_NVIC_SetPriority
HAL_NVIC_EnableIRQ
HAL_NVIC_DisableIRQ
memset
HAL_RCCEx_PeriphCLKConfig
HAL_GPIO_Init
Error_Handler
HAL_GPIO_DeInit
